<?xml version="1.0" encoding="UTF-8"?>
<!-- Generated by org.testng.reporters.JUnitReportReporter -->
<testsuite hostname="DESKTOP-SFG9256" failures="0" tests="1" name="com.inetbanking.testcases.HomeTC_001" time="41.510" errors="0" timestamp="2023-07-09T11:12:38 IST" skipped="0">
  <testcase classname="com.inetbanking.testcases.HomeTC_001" name="verifyLogoutFunctionality" time="41.510"/>
</testsuite> <!-- com.inetbanking.testcases.HomeTC_001 -->
