<?xml version="1.0" encoding="UTF-8"?>
<!-- Generated by org.testng.reporters.JUnitReportReporter -->
<testsuite hostname="DESKTOP-SFG9256" failures="0" tests="1" name="com.inetbanking.testbase.TestBase" time="0.005" errors="0" timestamp="2023-06-26T16:29:59 IST" skipped="0">
  <testcase classname="com.inetbanking.testbase.TestBase" name="login" time="0.005"/>
</testsuite> <!-- com.inetbanking.testbase.TestBase -->
