<?xml version="1.0" encoding="UTF-8"?>
<!-- Generated by org.testng.reporters.JUnitReportReporter -->
<testsuite hostname="DESKTOP-SFG9256" failures="0" tests="1" name="com.inetbanking.testcases.LoginTC_002" time="33.098" errors="0" timestamp="2023-07-09T11:14:27 IST" skipped="0">
  <testcase classname="com.inetbanking.testcases.LoginTC_002" name="verifyLoginFunctionalityTC_002" time="33.098"/>
</testsuite> <!-- com.inetbanking.testcases.LoginTC_002 -->
